<?xml version="1.0" encoding="UTF-8"?>
<robot generator="Robot 5.0.1 (Python 3.10.5 on win32)" generated="20220816 12:15:47.861" rpa="false" schemaversion="3">
<suite id="s1" name="03 Authentication" source="E:\Github\Syazwan-learning-API-testing\RobotFramework_API\API_test_suit\03_authentication.robot">
<test id="s1-t1" name="Post order" line="24">
<kw name="Create Session" library="RequestsLibrary" type="SETUP">
<arg>API_testing</arg>
<arg>${base_url2}</arg>
<doc>Create Session: create a HTTP session to a server</doc>
<msg timestamp="20220816 12:15:47.987" level="INFO">Creating Session using : alias=API_testing, url=https://simple-books-api.glitch.me, headers={},                     cookies={}, auth=None, timeout=None, proxies=None, verify=False,                     debug=0 </msg>
<status status="PASS" starttime="20220816 12:15:47.987" endtime="20220816 12:15:47.987"/>
</kw>
<kw name="Create Dictionary" library="BuiltIn">
<var>${body_order}</var>
<arg>bookId=1</arg>
<arg>customerName=Wan</arg>
<doc>Creates and returns a dictionary based on the given ``items``.</doc>
<msg timestamp="20220816 12:15:47.988" level="INFO">${body_order} = {'bookId': '1', 'customerName': 'Wan'}</msg>
<status status="PASS" starttime="20220816 12:15:47.987" endtime="20220816 12:15:47.988"/>
</kw>
<kw name="Create Dictionary" library="BuiltIn">
<var>${header_order}</var>
<arg>Authorization=${token}</arg>
<arg>Content-Type=application/json</arg>
<doc>Creates and returns a dictionary based on the given ``items``.</doc>
<msg timestamp="20220816 12:15:47.988" level="INFO">${header_order} = {'Authorization': 'Bearer 8beb56b69f51a4794b24e8380a80c9aa5727f9de27daec76e0a32afea9a69a0c', 'Content-Type': 'application/json'}</msg>
<status status="PASS" starttime="20220816 12:15:47.988" endtime="20220816 12:15:47.988"/>
</kw>
<kw name="Post Request" library="RequestsLibrary">
<var>${post_order}</var>
<arg>API_testing</arg>
<arg>url=/order</arg>
<arg>data=${body_order}</arg>
<arg>headers=${header_order}</arg>
<doc>*DEPRECATED* Please use `POST On Session` instead.</doc>
<msg timestamp="20220816 12:15:47.988" level="WARN">Keyword 'RequestsLibrary.Post Request' is deprecated. Please use `POST On Session` instead.</msg>
<msg timestamp="20220816 12:15:49.079" level="INFO">POST Request : url=https://simple-books-api.glitch.me/url=/order 
 path_url=/url=/order 
 headers={'User-Agent': 'python-requests/2.28.1', 'Accept-Encoding': 'gzip, deflate', 'Accept': '*/*', 'Connection': 'keep-alive', 'Authorization': 'Bearer 8beb56b69f51a4794b24e8380a80c9aa5727f9de27daec76e0a32afea9a69a0c', 'Content-Type': 'application/json', 'Content-Length': '38'} 
 body={"bookId": "1", "customerName": "Wan"} 
 </msg>
<msg timestamp="20220816 12:15:49.079" level="INFO">POST Response : url=https://simple-books-api.glitch.me/url=/order 
 status=404, reason=Not Found 
 headers={'Date': 'Tue, 16 Aug 2022 04:15:49 GMT', 'Content-Type': 'text/html; charset=utf-8', 'Content-Length': '150', 'Connection': 'keep-alive', 'x-powered-by': 'Express', 'content-security-policy': "default-src 'none'", 'x-content-type-options': 'nosniff'} 
 body=&lt;!DOCTYPE html&gt;
&lt;html lang="en"&gt;
&lt;head&gt;
&lt;meta charset="utf-8"&gt;
&lt;title&gt;Error&lt;/title&gt;
&lt;/head&gt;
&lt;body&gt;
&lt;pre&gt;Cannot POST /url=/order&lt;/pre&gt;
&lt;/body&gt;
&lt;/html&gt;
 
 </msg>
<msg timestamp="20220816 12:15:49.079" level="INFO">C:\Python310\lib\site-packages\urllib3\connectionpool.py:1045: InsecureRequestWarning: Unverified HTTPS request is being made to host 'simple-books-api.glitch.me'. Adding certificate verification is strongly advised. See: https://urllib3.readthedocs.io/en/1.26.x/advanced-usage.html#ssl-warnings
  warnings.warn(</msg>
<msg timestamp="20220816 12:15:49.080" level="INFO">${post_order} = &lt;Response [404]&gt;</msg>
<status status="PASS" starttime="20220816 12:15:47.988" endtime="20220816 12:15:49.080"/>
</kw>
<kw name="Log To Console" library="BuiltIn">
<arg>${post_order.status_code}</arg>
<doc>Logs the given message to the console.</doc>
<status status="PASS" starttime="20220816 12:15:49.080" endtime="20220816 12:15:49.081"/>
</kw>
<kw name="Log To Console" library="BuiltIn">
<arg>${post_order.content}</arg>
<doc>Logs the given message to the console.</doc>
<status status="PASS" starttime="20220816 12:15:49.081" endtime="20220816 12:15:49.081"/>
</kw>
<tag>postorder</tag>
<status status="PASS" starttime="20220816 12:15:47.986" endtime="20220816 12:15:49.082"/>
</test>
<status status="PASS" starttime="20220816 12:15:47.862" endtime="20220816 12:15:49.082"/>
</suite>
<statistics>
<total>
<stat pass="1" fail="0" skip="0">All Tests</stat>
</total>
<tag>
<stat pass="1" fail="0" skip="0">postorder</stat>
</tag>
<suite>
<stat pass="1" fail="0" skip="0" id="s1" name="03 Authentication">03 Authentication</stat>
</suite>
</statistics>
<errors>
<msg timestamp="20220816 12:15:47.988" level="WARN">Keyword 'RequestsLibrary.Post Request' is deprecated. Please use `POST On Session` instead.</msg>
</errors>
</robot>
